2016-05-12 13:20:07,679 - Log4JLogChute initialized using file 'velocity.log'
2016-05-12 13:20:07,680 - Velocity was not initialized! Calling init()...
2016-05-12 13:20:07,680 - Starting Apache Velocity v1.5 (compiled: 2007-02-22 08:52:29)
2016-05-12 13:20:07,680 - Default Properties File: org\apache\velocity\runtime\defaults\velocity.properties
2016-05-12 13:20:07,680 - Trying to use logger class org.apache.velocity.runtime.log.AvalonLogChute
2016-05-12 13:20:07,682 - Couldn't find class org.apache.velocity.runtime.log.AvalonLogChute or necessary supporting classes in classpath.
java.lang.NoClassDefFoundError: org/apache/log/format/Formatter
	at java.lang.Class.forName0(Native Method)
	at java.lang.Class.forName(Class.java:348)
	at org.apache.velocity.util.ClassUtils.getClass(ClassUtils.java:63)
	at org.apache.velocity.util.ClassUtils.getNewInstance(ClassUtils.java:95)
	at org.apache.velocity.runtime.log.LogManager.createLogChute(LogManager.java:147)
	at org.apache.velocity.runtime.log.LogManager.updateLog(LogManager.java:208)
	at org.apache.velocity.runtime.RuntimeInstance.initializeLog(RuntimeInstance.java:728)
	at org.apache.velocity.runtime.RuntimeInstance.init(RuntimeInstance.java:240)
	at org.apache.velocity.runtime.RuntimeInstance.parse(RuntimeInstance.java:993)
	at org.apache.velocity.runtime.RuntimeInstance.parse(RuntimeInstance.java:972)
	at org.apache.velocity.runtime.RuntimeSingleton.parse(RuntimeSingleton.java:265)
	at org.apache.velocity.app.Velocity.evaluate(Velocity.java:274)
	at org.sonatype.mavenbook.weather.WeatherFormatter.format(WeatherFormatter.java:21)
	at org.sonatype.mavenbook.weather.yahoo.WeatherFormatterTest.testFormat(WeatherFormatterTest.java:23)
	at sun.reflect.NativeMethodAccessorImpl.invoke0(Native Method)
	at sun.reflect.NativeMethodAccessorImpl.invoke(NativeMethodAccessorImpl.java:62)
	at sun.reflect.DelegatingMethodAccessorImpl.invoke(DelegatingMethodAccessorImpl.java:43)
	at java.lang.reflect.Method.invoke(Method.java:498)
	at junit.framework.TestCase.runTest(TestCase.java:154)
	at junit.framework.TestCase.runBare(TestCase.java:127)
	at junit.framework.TestResult$1.protect(TestResult.java:106)
	at junit.framework.TestResult.runProtected(TestResult.java:124)
	at junit.framework.TestResult.run(TestResult.java:109)
	at junit.framework.TestCase.run(TestCase.java:118)
	at junit.framework.TestSuite.runTest(TestSuite.java:208)
	at junit.framework.TestSuite.run(TestSuite.java:203)
	at sun.reflect.NativeMethodAccessorImpl.invoke0(Native Method)
	at sun.reflect.NativeMethodAccessorImpl.invoke(NativeMethodAccessorImpl.java:62)
	at sun.reflect.DelegatingMethodAccessorImpl.invoke(DelegatingMethodAccessorImpl.java:43)
	at java.lang.reflect.Method.invoke(Method.java:498)
	at org.apache.maven.surefire.junit.JUnitTestSet.execute(JUnitTestSet.java:95)
	at org.apache.maven.surefire.junit.JUnit3Provider.executeTestSet(JUnit3Provider.java:121)
	at org.apache.maven.surefire.junit.JUnit3Provider.invoke(JUnit3Provider.java:98)
	at sun.reflect.NativeMethodAccessorImpl.invoke0(Native Method)
	at sun.reflect.NativeMethodAccessorImpl.invoke(NativeMethodAccessorImpl.java:62)
	at sun.reflect.DelegatingMethodAccessorImpl.invoke(DelegatingMethodAccessorImpl.java:43)
	at java.lang.reflect.Method.invoke(Method.java:498)
	at org.apache.maven.surefire.util.ReflectionUtils.invokeMethodWithArray(ReflectionUtils.java:189)
	at org.apache.maven.surefire.booter.ProviderFactory$ProviderProxy.invoke(ProviderFactory.java:165)
	at org.apache.maven.surefire.booter.ProviderFactory.invokeProvider(ProviderFactory.java:85)
	at org.apache.maven.surefire.booter.ForkedBooter.runSuitesInProcess(ForkedBooter.java:115)
	at org.apache.maven.surefire.booter.ForkedBooter.main(ForkedBooter.java:75)
Caused by: java.lang.ClassNotFoundException: org.apache.log.format.Formatter
	at java.net.URLClassLoader.findClass(URLClassLoader.java:381)
	at java.lang.ClassLoader.loadClass(ClassLoader.java:424)
	at sun.misc.Launcher$AppClassLoader.loadClass(Launcher.java:331)
	at java.lang.ClassLoader.loadClass(ClassLoader.java:357)
	... 42 more
2016-05-12 13:20:07,685 - Trying to use logger class org.apache.velocity.runtime.log.Log4JLogChute
2016-05-12 13:20:07,685 - Using logger class org.apache.velocity.runtime.log.Log4JLogChute
2016-05-12 13:20:07,688 - Default ResourceManager initializing. (class org.apache.velocity.runtime.resource.ResourceManagerImpl)
2016-05-12 13:20:07,692 - ResourceLoader instantiated: org.apache.velocity.runtime.resource.loader.FileResourceLoader
2016-05-12 13:20:07,694 - Do unicode file recognition:  false
2016-05-12 13:20:07,695 - FileResourceLoader : adding path '.'
2016-05-12 13:20:07,738 - ResourceCache: initialized (class org.apache.velocity.runtime.resource.ResourceCacheImpl)
2016-05-12 13:20:07,740 - Loaded System Directive: org.apache.velocity.runtime.directive.Literal
2016-05-12 13:20:07,742 - Loaded System Directive: org.apache.velocity.runtime.directive.Macro
2016-05-12 13:20:07,744 - Loaded System Directive: org.apache.velocity.runtime.directive.Parse
2016-05-12 13:20:07,745 - Loaded System Directive: org.apache.velocity.runtime.directive.Include
2016-05-12 13:20:07,746 - Loaded System Directive: org.apache.velocity.runtime.directive.Foreach
2016-05-12 13:20:07,775 - Created '20' parsers.
2016-05-12 13:20:07,783 - Velocimacro : "velocimacro.library" is not set.  Trying default library: VM_global_library.vm
2016-05-12 13:20:07,784 - Velocimacro : Default library not found.
2016-05-12 13:20:07,784 - Velocimacro : allowInline = true : VMs can be defined inline in templates
2016-05-12 13:20:07,784 - Velocimacro : allowInlineToOverride = false : VMs defined inline may NOT replace previous VM definitions
2016-05-12 13:20:07,784 - Velocimacro : allowInlineLocal = false : VMs defined inline will be global in scope if allowed.
2016-05-12 13:20:07,784 - Velocimacro : autoload off : VM system will not automatically reload global library macros
2016-05-16 16:00:24,108 - Log4JLogChute initialized using file 'velocity.log'
2016-05-16 16:00:24,124 - Velocity was not initialized! Calling init()...
2016-05-16 16:00:24,124 - Starting Apache Velocity v1.5 (compiled: 2007-02-22 08:52:29)
2016-05-16 16:00:24,124 - Default Properties File: org\apache\velocity\runtime\defaults\velocity.properties
2016-05-16 16:00:24,124 - Trying to use logger class org.apache.velocity.runtime.log.AvalonLogChute
2016-05-16 16:00:24,126 - Couldn't find class org.apache.velocity.runtime.log.AvalonLogChute or necessary supporting classes in classpath.
java.lang.NoClassDefFoundError: org/apache/log/format/Formatter
	at java.lang.Class.forName0(Native Method)
	at java.lang.Class.forName(Class.java:348)
	at org.apache.velocity.util.ClassUtils.getClass(ClassUtils.java:63)
	at org.apache.velocity.util.ClassUtils.getNewInstance(ClassUtils.java:95)
	at org.apache.velocity.runtime.log.LogManager.createLogChute(LogManager.java:147)
	at org.apache.velocity.runtime.log.LogManager.updateLog(LogManager.java:208)
	at org.apache.velocity.runtime.RuntimeInstance.initializeLog(RuntimeInstance.java:728)
	at org.apache.velocity.runtime.RuntimeInstance.init(RuntimeInstance.java:240)
	at org.apache.velocity.runtime.RuntimeInstance.parse(RuntimeInstance.java:993)
	at org.apache.velocity.runtime.RuntimeInstance.parse(RuntimeInstance.java:972)
	at org.apache.velocity.runtime.RuntimeSingleton.parse(RuntimeSingleton.java:265)
	at org.apache.velocity.app.Velocity.evaluate(Velocity.java:274)
	at org.sonatype.mavenbook.weather.WeatherFormatter.format(WeatherFormatter.java:21)
	at org.sonatype.mavenbook.weather.yahoo.WeatherFormatterTest.testFormat(WeatherFormatterTest.java:23)
	at sun.reflect.NativeMethodAccessorImpl.invoke0(Native Method)
	at sun.reflect.NativeMethodAccessorImpl.invoke(NativeMethodAccessorImpl.java:62)
	at sun.reflect.DelegatingMethodAccessorImpl.invoke(DelegatingMethodAccessorImpl.java:43)
	at java.lang.reflect.Method.invoke(Method.java:498)
	at junit.framework.TestCase.runTest(TestCase.java:154)
	at junit.framework.TestCase.runBare(TestCase.java:127)
	at junit.framework.TestResult$1.protect(TestResult.java:106)
	at junit.framework.TestResult.runProtected(TestResult.java:124)
	at junit.framework.TestResult.run(TestResult.java:109)
	at junit.framework.TestCase.run(TestCase.java:118)
	at junit.framework.TestSuite.runTest(TestSuite.java:208)
	at junit.framework.TestSuite.run(TestSuite.java:203)
	at sun.reflect.NativeMethodAccessorImpl.invoke0(Native Method)
	at sun.reflect.NativeMethodAccessorImpl.invoke(NativeMethodAccessorImpl.java:62)
	at sun.reflect.DelegatingMethodAccessorImpl.invoke(DelegatingMethodAccessorImpl.java:43)
	at java.lang.reflect.Method.invoke(Method.java:498)
	at org.apache.maven.surefire.junit.JUnitTestSet.execute(JUnitTestSet.java:95)
	at org.apache.maven.surefire.junit.JUnit3Provider.executeTestSet(JUnit3Provider.java:121)
	at org.apache.maven.surefire.junit.JUnit3Provider.invoke(JUnit3Provider.java:98)
	at sun.reflect.NativeMethodAccessorImpl.invoke0(Native Method)
	at sun.reflect.NativeMethodAccessorImpl.invoke(NativeMethodAccessorImpl.java:62)
	at sun.reflect.DelegatingMethodAccessorImpl.invoke(DelegatingMethodAccessorImpl.java:43)
	at java.lang.reflect.Method.invoke(Method.java:498)
	at org.apache.maven.surefire.util.ReflectionUtils.invokeMethodWithArray(ReflectionUtils.java:189)
	at org.apache.maven.surefire.booter.ProviderFactory$ProviderProxy.invoke(ProviderFactory.java:165)
	at org.apache.maven.surefire.booter.ProviderFactory.invokeProvider(ProviderFactory.java:85)
	at org.apache.maven.surefire.booter.ForkedBooter.runSuitesInProcess(ForkedBooter.java:115)
	at org.apache.maven.surefire.booter.ForkedBooter.main(ForkedBooter.java:75)
Caused by: java.lang.ClassNotFoundException: org.apache.log.format.Formatter
	at java.net.URLClassLoader.findClass(URLClassLoader.java:381)
	at java.lang.ClassLoader.loadClass(ClassLoader.java:424)
	at sun.misc.Launcher$AppClassLoader.loadClass(Launcher.java:331)
	at java.lang.ClassLoader.loadClass(ClassLoader.java:357)
	... 42 more
2016-05-16 16:00:24,130 - Trying to use logger class org.apache.velocity.runtime.log.Log4JLogChute
2016-05-16 16:00:24,130 - Using logger class org.apache.velocity.runtime.log.Log4JLogChute
2016-05-16 16:00:24,134 - Default ResourceManager initializing. (class org.apache.velocity.runtime.resource.ResourceManagerImpl)
2016-05-16 16:00:24,139 - ResourceLoader instantiated: org.apache.velocity.runtime.resource.loader.FileResourceLoader
2016-05-16 16:00:24,141 - Do unicode file recognition:  false
2016-05-16 16:00:24,141 - FileResourceLoader : adding path '.'
2016-05-16 16:00:24,186 - ResourceCache: initialized (class org.apache.velocity.runtime.resource.ResourceCacheImpl)
2016-05-16 16:00:24,187 - Loaded System Directive: org.apache.velocity.runtime.directive.Literal
2016-05-16 16:00:24,188 - Loaded System Directive: org.apache.velocity.runtime.directive.Macro
2016-05-16 16:00:24,190 - Loaded System Directive: org.apache.velocity.runtime.directive.Parse
2016-05-16 16:00:24,191 - Loaded System Directive: org.apache.velocity.runtime.directive.Include
2016-05-16 16:00:24,192 - Loaded System Directive: org.apache.velocity.runtime.directive.Foreach
2016-05-16 16:00:24,220 - Created '20' parsers.
2016-05-16 16:00:24,226 - Velocimacro : "velocimacro.library" is not set.  Trying default library: VM_global_library.vm
2016-05-16 16:00:24,226 - Velocimacro : Default library not found.
2016-05-16 16:00:24,227 - Velocimacro : allowInline = true : VMs can be defined inline in templates
2016-05-16 16:00:24,227 - Velocimacro : allowInlineToOverride = false : VMs defined inline may NOT replace previous VM definitions
2016-05-16 16:00:24,227 - Velocimacro : allowInlineLocal = false : VMs defined inline will be global in scope if allowed.
2016-05-16 16:00:24,227 - Velocimacro : autoload off : VM system will not automatically reload global library macros
2016-05-16 21:14:48,311 - Log4JLogChute initialized using file 'velocity.log'
2016-05-16 21:14:48,326 - Velocity was not initialized! Calling init()...
2016-05-16 21:14:48,327 - Starting Apache Velocity v1.5 (compiled: 2007-02-22 08:52:29)
2016-05-16 21:14:48,327 - Default Properties File: org\apache\velocity\runtime\defaults\velocity.properties
2016-05-16 21:14:48,327 - Trying to use logger class org.apache.velocity.runtime.log.AvalonLogChute
2016-05-16 21:14:48,328 - Couldn't find class org.apache.velocity.runtime.log.AvalonLogChute or necessary supporting classes in classpath.
java.lang.NoClassDefFoundError: org/apache/log/format/Formatter
	at java.lang.Class.forName0(Native Method)
	at java.lang.Class.forName(Class.java:348)
	at org.apache.velocity.util.ClassUtils.getClass(ClassUtils.java:63)
	at org.apache.velocity.util.ClassUtils.getNewInstance(ClassUtils.java:95)
	at org.apache.velocity.runtime.log.LogManager.createLogChute(LogManager.java:147)
	at org.apache.velocity.runtime.log.LogManager.updateLog(LogManager.java:208)
	at org.apache.velocity.runtime.RuntimeInstance.initializeLog(RuntimeInstance.java:728)
	at org.apache.velocity.runtime.RuntimeInstance.init(RuntimeInstance.java:240)
	at org.apache.velocity.runtime.RuntimeInstance.parse(RuntimeInstance.java:993)
	at org.apache.velocity.runtime.RuntimeInstance.parse(RuntimeInstance.java:972)
	at org.apache.velocity.runtime.RuntimeSingleton.parse(RuntimeSingleton.java:265)
	at org.apache.velocity.app.Velocity.evaluate(Velocity.java:274)
	at org.sonatype.mavenbook.weather.WeatherFormatter.format(WeatherFormatter.java:21)
	at org.sonatype.mavenbook.weather.yahoo.WeatherFormatterTest.testFormat(WeatherFormatterTest.java:23)
	at sun.reflect.NativeMethodAccessorImpl.invoke0(Native Method)
	at sun.reflect.NativeMethodAccessorImpl.invoke(NativeMethodAccessorImpl.java:62)
	at sun.reflect.DelegatingMethodAccessorImpl.invoke(DelegatingMethodAccessorImpl.java:43)
	at java.lang.reflect.Method.invoke(Method.java:498)
	at junit.framework.TestCase.runTest(TestCase.java:154)
	at junit.framework.TestCase.runBare(TestCase.java:127)
	at junit.framework.TestResult$1.protect(TestResult.java:106)
	at junit.framework.TestResult.runProtected(TestResult.java:124)
	at junit.framework.TestResult.run(TestResult.java:109)
	at junit.framework.TestCase.run(TestCase.java:118)
	at junit.framework.TestSuite.runTest(TestSuite.java:208)
	at junit.framework.TestSuite.run(TestSuite.java:203)
	at sun.reflect.NativeMethodAccessorImpl.invoke0(Native Method)
	at sun.reflect.NativeMethodAccessorImpl.invoke(NativeMethodAccessorImpl.java:62)
	at sun.reflect.DelegatingMethodAccessorImpl.invoke(DelegatingMethodAccessorImpl.java:43)
	at java.lang.reflect.Method.invoke(Method.java:498)
	at org.apache.maven.surefire.junit.JUnitTestSet.execute(JUnitTestSet.java:95)
	at org.apache.maven.surefire.junit.JUnit3Provider.executeTestSet(JUnit3Provider.java:121)
	at org.apache.maven.surefire.junit.JUnit3Provider.invoke(JUnit3Provider.java:98)
	at sun.reflect.NativeMethodAccessorImpl.invoke0(Native Method)
	at sun.reflect.NativeMethodAccessorImpl.invoke(NativeMethodAccessorImpl.java:62)
	at sun.reflect.DelegatingMethodAccessorImpl.invoke(DelegatingMethodAccessorImpl.java:43)
	at java.lang.reflect.Method.invoke(Method.java:498)
	at org.apache.maven.surefire.util.ReflectionUtils.invokeMethodWithArray(ReflectionUtils.java:189)
	at org.apache.maven.surefire.booter.ProviderFactory$ProviderProxy.invoke(ProviderFactory.java:165)
	at org.apache.maven.surefire.booter.ProviderFactory.invokeProvider(ProviderFactory.java:85)
	at org.apache.maven.surefire.booter.ForkedBooter.runSuitesInProcess(ForkedBooter.java:115)
	at org.apache.maven.surefire.booter.ForkedBooter.main(ForkedBooter.java:75)
Caused by: java.lang.ClassNotFoundException: org.apache.log.format.Formatter
	at java.net.URLClassLoader.findClass(URLClassLoader.java:381)
	at java.lang.ClassLoader.loadClass(ClassLoader.java:424)
	at sun.misc.Launcher$AppClassLoader.loadClass(Launcher.java:331)
	at java.lang.ClassLoader.loadClass(ClassLoader.java:357)
	... 42 more
2016-05-16 21:14:48,335 - Trying to use logger class org.apache.velocity.runtime.log.Log4JLogChute
2016-05-16 21:14:48,335 - Using logger class org.apache.velocity.runtime.log.Log4JLogChute
2016-05-16 21:14:48,341 - Default ResourceManager initializing. (class org.apache.velocity.runtime.resource.ResourceManagerImpl)
2016-05-16 21:14:48,348 - ResourceLoader instantiated: org.apache.velocity.runtime.resource.loader.FileResourceLoader
2016-05-16 21:14:48,350 - Do unicode file recognition:  false
2016-05-16 21:14:48,350 - FileResourceLoader : adding path '.'
2016-05-16 21:14:48,371 - ResourceCache: initialized (class org.apache.velocity.runtime.resource.ResourceCacheImpl)
2016-05-16 21:14:48,372 - Loaded System Directive: org.apache.velocity.runtime.directive.Literal
2016-05-16 21:14:48,374 - Loaded System Directive: org.apache.velocity.runtime.directive.Macro
2016-05-16 21:14:48,375 - Loaded System Directive: org.apache.velocity.runtime.directive.Parse
2016-05-16 21:14:48,376 - Loaded System Directive: org.apache.velocity.runtime.directive.Include
2016-05-16 21:14:48,377 - Loaded System Directive: org.apache.velocity.runtime.directive.Foreach
2016-05-16 21:14:48,401 - Created '20' parsers.
2016-05-16 21:14:48,407 - Velocimacro : "velocimacro.library" is not set.  Trying default library: VM_global_library.vm
2016-05-16 21:14:48,408 - Velocimacro : Default library not found.
2016-05-16 21:14:48,408 - Velocimacro : allowInline = true : VMs can be defined inline in templates
2016-05-16 21:14:48,408 - Velocimacro : allowInlineToOverride = false : VMs defined inline may NOT replace previous VM definitions
2016-05-16 21:14:48,408 - Velocimacro : allowInlineLocal = false : VMs defined inline will be global in scope if allowed.
2016-05-16 21:14:48,408 - Velocimacro : autoload off : VM system will not automatically reload global library macros
